<?xml version="1.0" encoding="UTF-8"?>
<!-- Generated by org.testng.reporters.JUnitXMLReporter -->
<testsuite hostname="Sowbhas-iMac.local" ignored="0" name="ParallelTest2 Browser Firefox" tests="6" failures="0" timestamp="31 May 2019 05:00:45 GMT" time="0.111" errors="0">
  <testcase name="@BeforeMethod getBrowser" time="0.0" classname="com.sample.abc.Homepage">
    <failure type="org.testng.TestNGException" message="
Parameter &amp;apos;type_of_run&amp;apos; is required by BeforeMethod on method getBrowser but has not been marked @Optional or defined
in /Users/durga/eclipse-workspace/Headless_Solution/TestNgparallel.xml">
      <![CDATA[org.testng.TestNGException: 
Parameter 'type_of_run' is required by BeforeMethod on method getBrowser but has not been marked @Optional or defined
in /Users/durga/eclipse-workspace/Headless_Solution/TestNgparallel.xml
at java.util.concurrent.FutureTask.run(FutureTask.java:266)
at java.util.concurrent.ThreadPoolExecutor.runWorker(ThreadPoolExecutor.java:1149)
at java.util.concurrent.ThreadPoolExecutor$Worker.run(ThreadPoolExecutor.java:624)
at java.lang.Thread.run(Thread.java:748)
... Removed 16 stack frames]]>
    </failure>
  </testcase> <!-- @BeforeMethod getBrowser -->
  <testcase name="@AfterMethod closeBrowser" time="0.0" classname="com.sample.abc.Homepage">
    <skipped/>
  </testcase> <!-- @AfterMethod closeBrowser -->
  <testcase name="@BeforeMethod getBrowser" time="0.0" classname="com.sample.abc.Homepage">
    <skipped/>
  </testcase> <!-- @BeforeMethod getBrowser -->
  <testcase name="@AfterMethod closeBrowser" time="0.0" classname="com.sample.abc.Homepage">
    <skipped/>
  </testcase> <!-- @AfterMethod closeBrowser -->
  <testcase name="@BeforeMethod getBrowser" time="0.0" classname="com.sample.abc.Homepage">
    <skipped/>
  </testcase> <!-- @BeforeMethod getBrowser -->
  <testcase name="@AfterMethod closeBrowser" time="0.0" classname="com.sample.abc.Homepage">
    <skipped/>
  </testcase> <!-- @AfterMethod closeBrowser -->
  <testcase name="@BeforeMethod getBrowser" time="0.0" classname="com.sample.abc.Loginpage">
    <failure type="org.testng.TestNGException" message="
Parameter &amp;apos;type_of_run&amp;apos; is required by BeforeMethod on method getBrowser but has not been marked @Optional or defined
in /Users/durga/eclipse-workspace/Headless_Solution/TestNgparallel.xml">
      <![CDATA[org.testng.TestNGException: 
Parameter 'type_of_run' is required by BeforeMethod on method getBrowser but has not been marked @Optional or defined
in /Users/durga/eclipse-workspace/Headless_Solution/TestNgparallel.xml
at java.util.concurrent.FutureTask.run(FutureTask.java:266)
at java.util.concurrent.ThreadPoolExecutor.runWorker(ThreadPoolExecutor.java:1149)
at java.util.concurrent.ThreadPoolExecutor$Worker.run(ThreadPoolExecutor.java:624)
at java.lang.Thread.run(Thread.java:748)
... Removed 16 stack frames]]>
    </failure>
  </testcase> <!-- @BeforeMethod getBrowser -->
  <testcase name="@AfterMethod closeBrowser" time="0.0" classname="com.sample.abc.Loginpage">
    <skipped/>
  </testcase> <!-- @AfterMethod closeBrowser -->
  <testcase name="@BeforeMethod getBrowser" time="0.0" classname="com.sample.abc.Loginpage">
    <skipped/>
  </testcase> <!-- @BeforeMethod getBrowser -->
  <testcase name="@AfterMethod closeBrowser" time="0.0" classname="com.sample.abc.Loginpage">
    <skipped/>
  </testcase> <!-- @AfterMethod closeBrowser -->
  <testcase name="@BeforeMethod getBrowser" time="0.0" classname="com.sample.abc.Loginpage">
    <skipped/>
  </testcase> <!-- @BeforeMethod getBrowser -->
  <testcase name="@AfterMethod closeBrowser" time="0.0" classname="com.sample.abc.Loginpage">
    <skipped/>
  </testcase> <!-- @AfterMethod closeBrowser -->
  <testcase name="validateNewBlog" time="0.0" classname="com.sample.abc.Homepage">
    <skipped/>
  </testcase> <!-- validateNewBlog -->
  <testcase name="validateQuickDraft" time="0.0" classname="com.sample.abc.Homepage">
    <skipped/>
  </testcase> <!-- validateQuickDraft -->
  <testcase name="validatelogin" time="0.0" classname="com.sample.abc.Homepage">
    <skipped/>
  </testcase> <!-- validatelogin -->
  <testcase name="validatelogin" time="0.0" classname="com.sample.abc.Loginpage">
    <skipped/>
  </testcase> <!-- validatelogin -->
  <testcase name="validateincorrectlogin" time="0.0" classname="com.sample.abc.Loginpage">
    <skipped/>
  </testcase> <!-- validateincorrectlogin -->
  <testcase name="validateLogo" time="0.0" classname="com.sample.abc.Loginpage">
    <skipped/>
  </testcase> <!-- validateLogo -->
</testsuite> <!-- ParallelTest2 Browser Firefox -->
