<?xml version="1.0" encoding="UTF-8"?>
<!-- Generated by org.testng.reporters.JUnitXMLReporter -->
<testsuite hostname="Sowbhas-iMac.local" ignored="0" name="ParallelTest1 Browser Chrome" tests="6" failures="2" timestamp="03 Jun 2019 06:23:57 GMT" time="26.164" errors="0">
  <testcase name="validateNewBlog" time="3.642" classname="com.sample.abc.Homepage">
    <failure type="org.openqa.selenium.NoSuchElementException" message="Unable to locate a node using //a[@class=&amp;apos;welcome-icon welcome-add-page&amp;apos;]
For documentation on this error, please visit: https://www.seleniumhq.org/exceptions/no_such_element.html
Build info: version: &amp;apos;3.141.59&amp;apos;, revision: &amp;apos;e82be7d358&amp;apos;, time: &amp;apos;2018-11-14T08:17:03&amp;apos;
System info: host: &amp;apos;Sowbhas-iMac.local&amp;apos;, ip: &amp;apos;10.79.0.23&amp;apos;, os.name: &amp;apos;Mac OS X&amp;apos;, os.arch: &amp;apos;x86_64&amp;apos;, os.version: &amp;apos;10.12.6&amp;apos;, java.version: &amp;apos;1.8.0_201&amp;apos;
Driver info: driver.version: HtmlUnitDriver">
      <![CDATA[org.openqa.selenium.NoSuchElementException: Unable to locate a node using //a[@class='welcome-icon welcome-add-page']
For documentation on this error, please visit: https://www.seleniumhq.org/exceptions/no_such_element.html
Build info: version: '3.141.59', revision: 'e82be7d358', time: '2018-11-14T08:17:03'
System info: host: 'Sowbhas-iMac.local', ip: '10.79.0.23', os.name: 'Mac OS X', os.arch: 'x86_64', os.version: '10.12.6', java.version: '1.8.0_201'
Driver info: driver.version: HtmlUnitDriver
at org.openqa.selenium.htmlunit.HtmlUnitDriver.findElementByXPath(HtmlUnitDriver.java:1408)
at org.openqa.selenium.By$ByXPath.findElement(By.java:353)
at org.openqa.selenium.htmlunit.HtmlUnitDriver$4.call(HtmlUnitDriver.java:2024)
at org.openqa.selenium.htmlunit.HtmlUnitDriver$4.call(HtmlUnitDriver.java:2020)
at org.openqa.selenium.htmlunit.HtmlUnitDriver.implicitlyWaitFor(HtmlUnitDriver.java:1660)
at org.openqa.selenium.htmlunit.HtmlUnitDriver.findElement(HtmlUnitDriver.java:2020)
at org.openqa.selenium.htmlunit.HtmlUnitDriver.findElement(HtmlUnitDriver.java:798)
at com.sample.abc.Homepage.validateNewBlog(Homepage.java:114)
at java.util.concurrent.ThreadPoolExecutor.runWorker(ThreadPoolExecutor.java:1149)
at java.util.concurrent.ThreadPoolExecutor$Worker.run(ThreadPoolExecutor.java:624)
at java.lang.Thread.run(Thread.java:748)
... Removed 10 stack frames]]>
    </failure>
  </testcase> <!-- validateNewBlog -->
  <testcase name="validateQuickDraft" time="4.535" classname="com.sample.abc.Homepage">
    <failure type="org.openqa.selenium.ElementNotInteractableException" message="You may only interact with visible elements
Build info: version: &amp;apos;3.141.59&amp;apos;, revision: &amp;apos;e82be7d358&amp;apos;, time: &amp;apos;2018-11-14T08:17:03&amp;apos;
System info: host: &amp;apos;Sowbhas-iMac.local&amp;apos;, ip: &amp;apos;10.79.0.23&amp;apos;, os.name: &amp;apos;Mac OS X&amp;apos;, os.arch: &amp;apos;x86_64&amp;apos;, os.version: &amp;apos;10.12.6&amp;apos;, java.version: &amp;apos;1.8.0_201&amp;apos;
Driver info: driver.version: unknown">
      <![CDATA[org.openqa.selenium.ElementNotInteractableException: You may only interact with visible elements
Build info: version: '3.141.59', revision: 'e82be7d358', time: '2018-11-14T08:17:03'
System info: host: 'Sowbhas-iMac.local', ip: '10.79.0.23', os.name: 'Mac OS X', os.arch: 'x86_64', os.version: '10.12.6', java.version: '1.8.0_201'
Driver info: driver.version: unknown
at org.openqa.selenium.htmlunit.HtmlUnitWebElement.verifyCanInteractWithElement(HtmlUnitWebElement.java:260)
at org.openqa.selenium.htmlunit.HtmlUnitWebElement.click(HtmlUnitWebElement.java:135)
at com.sample.abc.Homepage.validateQuickDraft(Homepage.java:126)
at java.util.concurrent.ThreadPoolExecutor.runWorker(ThreadPoolExecutor.java:1149)
at java.util.concurrent.ThreadPoolExecutor$Worker.run(ThreadPoolExecutor.java:624)
at java.lang.Thread.run(Thread.java:748)
... Removed 10 stack frames]]>
    </failure>
  </testcase> <!-- validateQuickDraft -->
  <testcase name="validatelogin" time="1.495" classname="com.sample.abc.Homepage"/>
  <testcase name="validatelogin" time="1.59" classname="com.sample.abc.Loginpage"/>
  <testcase name="validateincorrectlogin" time="0.187" classname="com.sample.abc.Loginpage"/>
  <testcase name="validateLogo" time="0.008" classname="com.sample.abc.Loginpage"/>
</testsuite> <!-- ParallelTest1 Browser Chrome -->
