<!DOCTYPE html PUBLIC "-//W3C//DTD XHTML 1.1//EN" "http://www.w3.org/TR/xhtml11/DTD/xhtml11.dtd">
<html xmlns="http://www.w3.org/1999/xhtml">
<head>
<meta http-equiv="content-type" content="text/html; charset=UTF-8"/>
<title>TestNG Report</title>
<style type="text/css">table {margin-bottom:10px;border-collapse:collapse;empty-cells:show}th,td {border:1px solid #009;padding:.25em .5em}th {vertical-align:bottom}td {vertical-align:top}table a {font-weight:bold}.stripe td {background-color: #E6EBF9}.num {text-align:right}.passedodd td {background-color: #3F3}.passedeven td {background-color: #0A0}.skippedodd td {background-color: #DDD}.skippedeven td {background-color: #CCC}.failedodd td,.attn {background-color: #F33}.failedeven td,.stripe .attn {background-color: #D00}.stacktrace {white-space:pre;font-family:monospace}.totop {font-size:85%;text-align:center;border-bottom:2px solid #000}.invisible {display:none}</style>
</head>
<body>
<table>
<tr><th>Test</th><th># Passed</th><th># Skipped</th><th># Failed</th><th>Time (ms)</th><th>Included Groups</th><th>Excluded Groups</th></tr>
<tr><th colspan="7">parallel</th></tr>
<tr><td><a href="#t0">ParallelTest1 Browser Chrome</a></td><td class="num">4</td><td class="num">0</td><td class="num attn">2</td><td class="num">26,164</td><td></td><td></td></tr>
<tr class="stripe"><td><a href="#t1">ParallelTest2 Browser Firefox</a></td><td class="num">4</td><td class="num">0</td><td class="num attn">2</td><td class="num">24,257</td><td></td><td></td></tr>
<tr><td><a href="#t2">ParallelTest3 Browser Firefox</a></td><td class="num">4</td><td class="num">0</td><td class="num attn">2</td><td class="num">98,053</td><td></td><td></td></tr>
<tr class="stripe"><td><a href="#t3">ParallelTest4 Browser Firefox</a></td><td class="num">5</td><td class="num">0</td><td class="num attn">1</td><td class="num">66,827</td><td></td><td></td></tr>
<tr><th>Total</th><th class="num">17</th><th class="num">0</th><th class="num attn">7</th><th class="num">215,301</th><th colspan="2"></th></tr>
</table>
<table id='summary'><thead><tr><th>Class</th><th>Method</th><th>Start</th><th>Time (ms)</th></tr></thead><tbody><tr><th colspan="4">parallel</th></tr></tbody><tbody id="t0"><tr><th colspan="4">ParallelTest1 Browser Chrome &#8212; failed</th></tr><tr class="failedeven"><td rowspan="2">com.sample.abc.Homepage</td><td><a href="#m0">validateNewBlog</a></td><td rowspan="1">1559543016741</td><td rowspan="1">3642</td></tr><tr class="failedeven"><td><a href="#m1">validateQuickDraft</a></td><td rowspan="1">1559543022895</td><td rowspan="1">4535</td></tr><tr><th colspan="4">ParallelTest1 Browser Chrome &#8212; passed</th></tr><tr class="passedeven"><td rowspan="1">com.sample.abc.Homepage</td><td><a href="#m2">validatelogin</a></td><td rowspan="1">1559543029025</td><td rowspan="1">1495</td></tr><tr class="passedodd"><td rowspan="3">com.sample.abc.Loginpage</td><td><a href="#m3">validateLogo</a></td><td rowspan="1">1559543037181</td><td rowspan="1">8</td></tr><tr class="passedodd"><td><a href="#m4">validateincorrectlogin</a></td><td rowspan="1">1559543035531</td><td rowspan="1">187</td></tr><tr class="passedodd"><td><a href="#m5">validatelogin</a></td><td rowspan="1">1559543032496</td><td rowspan="1">1590</td></tr></tbody>
<tbody id="t1"><tr><th colspan="4">ParallelTest2 Browser Firefox &#8212; failed</th></tr><tr class="failedeven"><td rowspan="2">com.sample.abc.Homepage</td><td><a href="#m6">validateNewBlog</a></td><td rowspan="1">1559543040374</td><td rowspan="1">4058</td></tr><tr class="failedeven"><td><a href="#m7">validateQuickDraft</a></td><td rowspan="1">1559543046297</td><td rowspan="1">3464</td></tr><tr><th colspan="4">ParallelTest2 Browser Firefox &#8212; passed</th></tr><tr class="passedeven"><td rowspan="1">com.sample.abc.Homepage</td><td><a href="#m8">validatelogin</a></td><td rowspan="1">1559543052524</td><td rowspan="1">1442</td></tr><tr class="passedodd"><td rowspan="3">com.sample.abc.Loginpage</td><td><a href="#m9">validateLogo</a></td><td rowspan="1">1559543061488</td><td rowspan="1">7</td></tr><tr class="passedodd"><td><a href="#m10">validateincorrectlogin</a></td><td rowspan="1">1559543059143</td><td rowspan="1">173</td></tr><tr class="passedodd"><td><a href="#m11">validatelogin</a></td><td rowspan="1">1559543055748</td><td rowspan="1">1440</td></tr></tbody>
<tbody id="t2"><tr><th colspan="4">ParallelTest3 Browser Firefox &#8212; failed</th></tr><tr class="failedeven"><td rowspan="2">com.sample.abc.Homepage</td><td><a href="#m12">validateNewBlog</a></td><td rowspan="1">1559543097365</td><td rowspan="1">4967</td></tr><tr class="failedeven"><td><a href="#m13">validateQuickDraft</a></td><td rowspan="1">1559543113219</td><td rowspan="1">3532</td></tr><tr><th colspan="4">ParallelTest3 Browser Firefox &#8212; passed</th></tr><tr class="passedeven"><td rowspan="1">com.sample.abc.Homepage</td><td><a href="#m14">validatelogin</a></td><td rowspan="1">1559543126290</td><td rowspan="1">2982</td></tr><tr class="passedodd"><td rowspan="3">com.sample.abc.Loginpage</td><td><a href="#m15">validateLogo</a></td><td rowspan="1">1559543158704</td><td rowspan="1">141</td></tr><tr class="passedodd"><td><a href="#m16">validateincorrectlogin</a></td><td rowspan="1">1559543149243</td><td rowspan="1">1204</td></tr><tr class="passedodd"><td><a href="#m17">validatelogin</a></td><td rowspan="1">1559543138180</td><td rowspan="1">2916</td></tr></tbody>
<tbody id="t3"><tr><th colspan="4">ParallelTest4 Browser Firefox &#8212; failed</th></tr><tr class="failedeven"><td rowspan="1">com.sample.abc.Homepage</td><td><a href="#m18">validateQuickDraft</a></td><td rowspan="1">1559543184934</td><td rowspan="1">3527</td></tr><tr><th colspan="4">ParallelTest4 Browser Firefox &#8212; passed</th></tr><tr class="passedeven"><td rowspan="2">com.sample.abc.Homepage</td><td><a href="#m19">validateNewBlog</a></td><td rowspan="1">1559543166106</td><td rowspan="1">8731</td></tr><tr class="passedeven"><td><a href="#m20">validatelogin</a></td><td rowspan="1">1559543195647</td><td rowspan="1">3554</td></tr><tr class="passedodd"><td rowspan="3">com.sample.abc.Loginpage</td><td><a href="#m21">validateLogo</a></td><td rowspan="1">1559543225654</td><td rowspan="1">70</td></tr><tr class="passedodd"><td><a href="#m22">validateincorrectlogin</a></td><td rowspan="1">1559543217045</td><td rowspan="1">1201</td></tr><tr class="passedodd"><td><a href="#m23">validatelogin</a></td><td rowspan="1">1559543206261</td><td rowspan="1">3763</td></tr></tbody>
</table>
<h2>ParallelTest1 Browser Chrome</h2><h3 id="m0">com.sample.abc.Homepage#validateNewBlog</h3><table class="result"><tr><th>Exception</th></tr><tr><td><div class="stacktrace">org.openqa.selenium.NoSuchElementException: Unable to locate a node using //a[@class=&apos;welcome-icon welcome-add-page&apos;]
For documentation on this error, please visit: https://www.seleniumhq.org/exceptions/no_such_element.html
Build info: version: &apos;3.141.59&apos;, revision: &apos;e82be7d358&apos;, time: &apos;2018-11-14T08:17:03&apos;
System info: host: &apos;Sowbhas-iMac.local&apos;, ip: &apos;10.79.0.23&apos;, os.name: &apos;Mac OS X&apos;, os.arch: &apos;x86_64&apos;, os.version: &apos;10.12.6&apos;, java.version: &apos;1.8.0_201&apos;
Driver info: driver.version: HtmlUnitDriver
	at org.openqa.selenium.htmlunit.HtmlUnitDriver.findElementByXPath(HtmlUnitDriver.java:1408)
	at org.openqa.selenium.By$ByXPath.findElement(By.java:353)
	at org.openqa.selenium.htmlunit.HtmlUnitDriver$4.call(HtmlUnitDriver.java:2024)
	at org.openqa.selenium.htmlunit.HtmlUnitDriver$4.call(HtmlUnitDriver.java:2020)
	at org.openqa.selenium.htmlunit.HtmlUnitDriver.implicitlyWaitFor(HtmlUnitDriver.java:1660)
	at org.openqa.selenium.htmlunit.HtmlUnitDriver.findElement(HtmlUnitDriver.java:2020)
	at org.openqa.selenium.htmlunit.HtmlUnitDriver.findElement(HtmlUnitDriver.java:798)
	at com.sample.abc.Homepage.validateNewBlog(Homepage.java:114)
	at java.util.concurrent.ThreadPoolExecutor.runWorker(ThreadPoolExecutor.java:1149)
	at java.util.concurrent.ThreadPoolExecutor$Worker.run(ThreadPoolExecutor.java:624)
	at java.lang.Thread.run(Thread.java:748)
... Removed 10 stack frames</div></td></tr></table><p class="totop"><a href="#summary">back to summary</a></p>
<h3 id="m1">com.sample.abc.Homepage#validateQuickDraft</h3><table class="result"><tr><th>Exception</th></tr><tr><td><div class="stacktrace">org.openqa.selenium.ElementNotInteractableException: You may only interact with visible elements
Build info: version: &apos;3.141.59&apos;, revision: &apos;e82be7d358&apos;, time: &apos;2018-11-14T08:17:03&apos;
System info: host: &apos;Sowbhas-iMac.local&apos;, ip: &apos;10.79.0.23&apos;, os.name: &apos;Mac OS X&apos;, os.arch: &apos;x86_64&apos;, os.version: &apos;10.12.6&apos;, java.version: &apos;1.8.0_201&apos;
Driver info: driver.version: unknown
	at org.openqa.selenium.htmlunit.HtmlUnitWebElement.verifyCanInteractWithElement(HtmlUnitWebElement.java:260)
	at org.openqa.selenium.htmlunit.HtmlUnitWebElement.click(HtmlUnitWebElement.java:135)
	at com.sample.abc.Homepage.validateQuickDraft(Homepage.java:126)
	at java.util.concurrent.ThreadPoolExecutor.runWorker(ThreadPoolExecutor.java:1149)
	at java.util.concurrent.ThreadPoolExecutor$Worker.run(ThreadPoolExecutor.java:624)
	at java.lang.Thread.run(Thread.java:748)
... Removed 10 stack frames</div></td></tr></table><p class="totop"><a href="#summary">back to summary</a></p>
<h3 id="m2">com.sample.abc.Homepage#validatelogin</h3><table class="result"><tr><th class="invisible"/></tr></table><p class="totop"><a href="#summary">back to summary</a></p>
<h3 id="m3">com.sample.abc.Loginpage#validateLogo</h3><table class="result"><tr><th class="invisible"/></tr></table><p class="totop"><a href="#summary">back to summary</a></p>
<h3 id="m4">com.sample.abc.Loginpage#validateincorrectlogin</h3><table class="result"><tr><th class="invisible"/></tr></table><p class="totop"><a href="#summary">back to summary</a></p>
<h3 id="m5">com.sample.abc.Loginpage#validatelogin</h3><table class="result"><tr><th class="invisible"/></tr></table><p class="totop"><a href="#summary">back to summary</a></p>
<h2>ParallelTest2 Browser Firefox</h2><h3 id="m6">com.sample.abc.Homepage#validateNewBlog</h3><table class="result"><tr><th>Exception</th></tr><tr><td><div class="stacktrace">org.openqa.selenium.ElementNotInteractableException: You may only interact with visible elements
Build info: version: &apos;3.141.59&apos;, revision: &apos;e82be7d358&apos;, time: &apos;2018-11-14T08:17:03&apos;
System info: host: &apos;Sowbhas-iMac.local&apos;, ip: &apos;10.79.0.23&apos;, os.name: &apos;Mac OS X&apos;, os.arch: &apos;x86_64&apos;, os.version: &apos;10.12.6&apos;, java.version: &apos;1.8.0_201&apos;
Driver info: driver.version: unknown
	at org.openqa.selenium.htmlunit.HtmlUnitWebElement.verifyCanInteractWithElement(HtmlUnitWebElement.java:260)
	at org.openqa.selenium.htmlunit.HtmlUnitWebElement.click(HtmlUnitWebElement.java:135)
	at com.sample.abc.Homepage.validateNewBlog(Homepage.java:114)
	at java.util.concurrent.ThreadPoolExecutor.runWorker(ThreadPoolExecutor.java:1149)
	at java.util.concurrent.ThreadPoolExecutor$Worker.run(ThreadPoolExecutor.java:624)
	at java.lang.Thread.run(Thread.java:748)
... Removed 10 stack frames</div></td></tr></table><p class="totop"><a href="#summary">back to summary</a></p>
<h3 id="m7">com.sample.abc.Homepage#validateQuickDraft</h3><table class="result"><tr><th>Exception</th></tr><tr><td><div class="stacktrace">org.openqa.selenium.ElementNotInteractableException: You may only interact with visible elements
Build info: version: &apos;3.141.59&apos;, revision: &apos;e82be7d358&apos;, time: &apos;2018-11-14T08:17:03&apos;
System info: host: &apos;Sowbhas-iMac.local&apos;, ip: &apos;10.79.0.23&apos;, os.name: &apos;Mac OS X&apos;, os.arch: &apos;x86_64&apos;, os.version: &apos;10.12.6&apos;, java.version: &apos;1.8.0_201&apos;
Driver info: driver.version: unknown
	at org.openqa.selenium.htmlunit.HtmlUnitWebElement.verifyCanInteractWithElement(HtmlUnitWebElement.java:260)
	at org.openqa.selenium.htmlunit.HtmlUnitWebElement.click(HtmlUnitWebElement.java:135)
	at com.sample.abc.Homepage.validateQuickDraft(Homepage.java:126)
	at java.util.concurrent.ThreadPoolExecutor.runWorker(ThreadPoolExecutor.java:1149)
	at java.util.concurrent.ThreadPoolExecutor$Worker.run(ThreadPoolExecutor.java:624)
	at java.lang.Thread.run(Thread.java:748)
... Removed 10 stack frames</div></td></tr></table><p class="totop"><a href="#summary">back to summary</a></p>
<h3 id="m8">com.sample.abc.Homepage#validatelogin</h3><table class="result"><tr><th class="invisible"/></tr></table><p class="totop"><a href="#summary">back to summary</a></p>
<h3 id="m9">com.sample.abc.Loginpage#validateLogo</h3><table class="result"><tr><th class="invisible"/></tr></table><p class="totop"><a href="#summary">back to summary</a></p>
<h3 id="m10">com.sample.abc.Loginpage#validateincorrectlogin</h3><table class="result"><tr><th class="invisible"/></tr></table><p class="totop"><a href="#summary">back to summary</a></p>
<h3 id="m11">com.sample.abc.Loginpage#validatelogin</h3><table class="result"><tr><th class="invisible"/></tr></table><p class="totop"><a href="#summary">back to summary</a></p>
<h2>ParallelTest3 Browser Firefox</h2><h3 id="m12">com.sample.abc.Homepage#validateNewBlog</h3><table class="result"><tr><th>Exception</th></tr><tr><td><div class="stacktrace">org.openqa.selenium.ElementNotInteractableException: Element &lt;a class=&quot;welcome-icon welcome-add-page&quot; href=&quot;https://s1.demo.opensourcecms.com/wordpress/wp-admin/post-new.php?post_type=page&quot;&gt; could not be scrolled into view
Build info: version: &apos;3.141.59&apos;, revision: &apos;e82be7d358&apos;, time: &apos;2018-11-14T08:17:03&apos;
System info: host: &apos;Sowbhas-iMac.local&apos;, ip: &apos;10.79.0.23&apos;, os.name: &apos;Mac OS X&apos;, os.arch: &apos;x86_64&apos;, os.version: &apos;10.12.6&apos;, java.version: &apos;1.8.0_201&apos;
Driver info: org.openqa.selenium.firefox.FirefoxDriver
Capabilities {acceptInsecureCerts: true, browserName: firefox, browserVersion: 64.0, javascriptEnabled: true, moz:accessibilityChecks: false, moz:geckodriverVersion: 0.23.0, moz:headless: false, moz:processID: 58244, moz:profile: /var/folders/kw/37dwzp7n23q..., moz:shutdownTimeout: 60000, moz:useNonSpecCompliantPointerOrigin: false, moz:webdriverClick: true, pageLoadStrategy: normal, platform: MAC, platformName: MAC, platformVersion: 16.7.0, rotatable: false, setWindowRect: true, timeouts: {implicit: 0, pageLoad: 300000, script: 30000}, unhandledPromptBehavior: dismiss and notify}
Session ID: 483459d6-0bf4-9745-9f6c-f88adbf7bc44
	at org.openqa.selenium.remote.http.W3CHttpResponseCodec.createException(W3CHttpResponseCodec.java:187)
	at org.openqa.selenium.remote.http.W3CHttpResponseCodec.decode(W3CHttpResponseCodec.java:122)
	at org.openqa.selenium.remote.http.W3CHttpResponseCodec.decode(W3CHttpResponseCodec.java:49)
	at org.openqa.selenium.remote.HttpCommandExecutor.execute(HttpCommandExecutor.java:158)
	at org.openqa.selenium.remote.service.DriverCommandExecutor.execute(DriverCommandExecutor.java:83)
	at org.openqa.selenium.remote.RemoteWebDriver.execute(RemoteWebDriver.java:552)
	at org.openqa.selenium.remote.RemoteWebElement.execute(RemoteWebElement.java:285)
	at org.openqa.selenium.remote.RemoteWebElement.click(RemoteWebElement.java:84)
	at com.sample.abc.Homepage.validateNewBlog(Homepage.java:114)
	at java.util.concurrent.ThreadPoolExecutor.runWorker(ThreadPoolExecutor.java:1149)
	at java.util.concurrent.ThreadPoolExecutor$Worker.run(ThreadPoolExecutor.java:624)
	at java.lang.Thread.run(Thread.java:748)
... Removed 14 stack frames</div></td></tr></table><p class="totop"><a href="#summary">back to summary</a></p>
<h3 id="m13">com.sample.abc.Homepage#validateQuickDraft</h3><table class="result"><tr><th>Exception</th></tr><tr><td><div class="stacktrace">org.openqa.selenium.ElementNotInteractableException: Element &lt;input id=&quot;title&quot; name=&quot;post_title&quot; type=&quot;text&quot;&gt; could not be scrolled into view
Build info: version: &apos;3.141.59&apos;, revision: &apos;e82be7d358&apos;, time: &apos;2018-11-14T08:17:03&apos;
System info: host: &apos;Sowbhas-iMac.local&apos;, ip: &apos;10.79.0.23&apos;, os.name: &apos;Mac OS X&apos;, os.arch: &apos;x86_64&apos;, os.version: &apos;10.12.6&apos;, java.version: &apos;1.8.0_201&apos;
Driver info: org.openqa.selenium.firefox.FirefoxDriver
Capabilities {acceptInsecureCerts: true, browserName: firefox, browserVersion: 64.0, javascriptEnabled: true, moz:accessibilityChecks: false, moz:geckodriverVersion: 0.23.0, moz:headless: false, moz:processID: 58255, moz:profile: /var/folders/kw/37dwzp7n23q..., moz:shutdownTimeout: 60000, moz:useNonSpecCompliantPointerOrigin: false, moz:webdriverClick: true, pageLoadStrategy: normal, platform: MAC, platformName: MAC, platformVersion: 16.7.0, rotatable: false, setWindowRect: true, timeouts: {implicit: 0, pageLoad: 300000, script: 30000}, unhandledPromptBehavior: dismiss and notify}
Session ID: f5ff5700-7c42-4e41-bc78-4a3c0b3d0759
	at org.openqa.selenium.remote.http.W3CHttpResponseCodec.createException(W3CHttpResponseCodec.java:187)
	at org.openqa.selenium.remote.http.W3CHttpResponseCodec.decode(W3CHttpResponseCodec.java:122)
	at org.openqa.selenium.remote.http.W3CHttpResponseCodec.decode(W3CHttpResponseCodec.java:49)
	at org.openqa.selenium.remote.HttpCommandExecutor.execute(HttpCommandExecutor.java:158)
	at org.openqa.selenium.remote.service.DriverCommandExecutor.execute(DriverCommandExecutor.java:83)
	at org.openqa.selenium.remote.RemoteWebDriver.execute(RemoteWebDriver.java:552)
	at org.openqa.selenium.remote.RemoteWebElement.execute(RemoteWebElement.java:285)
	at org.openqa.selenium.remote.RemoteWebElement.click(RemoteWebElement.java:84)
	at com.sample.abc.Homepage.validateQuickDraft(Homepage.java:126)
	at java.util.concurrent.ThreadPoolExecutor.runWorker(ThreadPoolExecutor.java:1149)
	at java.util.concurrent.ThreadPoolExecutor$Worker.run(ThreadPoolExecutor.java:624)
	at java.lang.Thread.run(Thread.java:748)
... Removed 14 stack frames</div></td></tr></table><p class="totop"><a href="#summary">back to summary</a></p>
<h3 id="m14">com.sample.abc.Homepage#validatelogin</h3><table class="result"><tr><th class="invisible"/></tr></table><p class="totop"><a href="#summary">back to summary</a></p>
<h3 id="m15">com.sample.abc.Loginpage#validateLogo</h3><table class="result"><tr><th class="invisible"/></tr></table><p class="totop"><a href="#summary">back to summary</a></p>
<h3 id="m16">com.sample.abc.Loginpage#validateincorrectlogin</h3><table class="result"><tr><th class="invisible"/></tr></table><p class="totop"><a href="#summary">back to summary</a></p>
<h3 id="m17">com.sample.abc.Loginpage#validatelogin</h3><table class="result"><tr><th class="invisible"/></tr></table><p class="totop"><a href="#summary">back to summary</a></p>
<h2>ParallelTest4 Browser Firefox</h2><h3 id="m18">com.sample.abc.Homepage#validateQuickDraft</h3><table class="result"><tr><th>Exception</th></tr><tr><td><div class="stacktrace">org.openqa.selenium.ElementNotInteractableException: Element &lt;input id=&quot;title&quot; name=&quot;post_title&quot; type=&quot;text&quot;&gt; could not be scrolled into view
Build info: version: &apos;3.141.59&apos;, revision: &apos;e82be7d358&apos;, time: &apos;2018-11-14T08:17:03&apos;
System info: host: &apos;Sowbhas-iMac.local&apos;, ip: &apos;10.79.0.23&apos;, os.name: &apos;Mac OS X&apos;, os.arch: &apos;x86_64&apos;, os.version: &apos;10.12.6&apos;, java.version: &apos;1.8.0_201&apos;
Driver info: org.openqa.selenium.firefox.FirefoxDriver
Capabilities {acceptInsecureCerts: true, browserName: firefox, browserVersion: 64.0, javascriptEnabled: true, moz:accessibilityChecks: false, moz:geckodriverVersion: 0.23.0, moz:headless: false, moz:processID: 58299, moz:profile: /var/folders/kw/37dwzp7n23q..., moz:shutdownTimeout: 60000, moz:useNonSpecCompliantPointerOrigin: false, moz:webdriverClick: true, pageLoadStrategy: normal, platform: MAC, platformName: MAC, platformVersion: 16.7.0, rotatable: false, setWindowRect: true, timeouts: {implicit: 0, pageLoad: 300000, script: 30000}, unhandledPromptBehavior: dismiss and notify}
Session ID: 693a3851-6fb0-2c4f-a7ff-b4d01948eadf
	at org.openqa.selenium.remote.http.W3CHttpResponseCodec.createException(W3CHttpResponseCodec.java:187)
	at org.openqa.selenium.remote.http.W3CHttpResponseCodec.decode(W3CHttpResponseCodec.java:122)
	at org.openqa.selenium.remote.http.W3CHttpResponseCodec.decode(W3CHttpResponseCodec.java:49)
	at org.openqa.selenium.remote.HttpCommandExecutor.execute(HttpCommandExecutor.java:158)
	at org.openqa.selenium.remote.service.DriverCommandExecutor.execute(DriverCommandExecutor.java:83)
	at org.openqa.selenium.remote.RemoteWebDriver.execute(RemoteWebDriver.java:552)
	at org.openqa.selenium.remote.RemoteWebElement.execute(RemoteWebElement.java:285)
	at org.openqa.selenium.remote.RemoteWebElement.click(RemoteWebElement.java:84)
	at com.sample.abc.Homepage.validateQuickDraft(Homepage.java:126)
	at java.util.concurrent.ThreadPoolExecutor.runWorker(ThreadPoolExecutor.java:1149)
	at java.util.concurrent.ThreadPoolExecutor$Worker.run(ThreadPoolExecutor.java:624)
	at java.lang.Thread.run(Thread.java:748)
... Removed 14 stack frames</div></td></tr></table><p class="totop"><a href="#summary">back to summary</a></p>
<h3 id="m19">com.sample.abc.Homepage#validateNewBlog</h3><table class="result"><tr><th class="invisible"/></tr></table><p class="totop"><a href="#summary">back to summary</a></p>
<h3 id="m20">com.sample.abc.Homepage#validatelogin</h3><table class="result"><tr><th class="invisible"/></tr></table><p class="totop"><a href="#summary">back to summary</a></p>
<h3 id="m21">com.sample.abc.Loginpage#validateLogo</h3><table class="result"><tr><th class="invisible"/></tr></table><p class="totop"><a href="#summary">back to summary</a></p>
<h3 id="m22">com.sample.abc.Loginpage#validateincorrectlogin</h3><table class="result"><tr><th class="invisible"/></tr></table><p class="totop"><a href="#summary">back to summary</a></p>
<h3 id="m23">com.sample.abc.Loginpage#validatelogin</h3><table class="result"><tr><th class="invisible"/></tr></table><p class="totop"><a href="#summary">back to summary</a></p>
</body>
</html>
