<?xml version="1.0" encoding="UTF-8"?>
<testng-results skipped="0" failed="7" ignored="0" total="24" passed="17">
  <reporter-output>
  </reporter-output>
  <suite name="parallel" duration-ms="215407" started-at="2019-06-03T06:23:31Z" finished-at="2019-06-03T06:27:06Z">
    <groups>
    </groups>
    <test name="ParallelTest1 Browser Chrome" duration-ms="26164" started-at="2019-06-03T06:23:31Z" finished-at="2019-06-03T06:23:57Z">
      <class name="com.sample.abc.Loginpage">
        <test-method status="PASS" signature="getBrowser(java.lang.String, java.lang.String)[pri:0, instance:com.sample.abc.Loginpage@5fcd892a]" name="getBrowser" is-config="true" duration-ms="1967" started-at="2019-06-03T06:23:50Z" finished-at="2019-06-03T06:23:52Z">
          <params>
            <param index="0">
              <value>
                <![CDATA[chrome]]>
              </value>
            </param>
            <param index="1">
              <value>
                <![CDATA[Headless]]>
              </value>
            </param>
          </params>
          <reporter-output>
          </reporter-output>
        </test-method> <!-- getBrowser -->
        <test-method status="PASS" signature="validatelogin()[pri:1, instance:com.sample.abc.Loginpage@5fcd892a]" name="validatelogin" duration-ms="1590" started-at="2019-06-03T06:23:52Z" finished-at="2019-06-03T06:23:54Z">
          <reporter-output>
          </reporter-output>
        </test-method> <!-- validatelogin -->
        <test-method status="PASS" signature="closeBrowser()[pri:0, instance:com.sample.abc.Loginpage@5fcd892a]" name="closeBrowser" is-config="true" duration-ms="2" started-at="2019-06-03T06:23:54Z" finished-at="2019-06-03T06:23:54Z">
          <reporter-output>
          </reporter-output>
        </test-method> <!-- closeBrowser -->
        <test-method status="PASS" signature="getBrowser(java.lang.String, java.lang.String)[pri:0, instance:com.sample.abc.Loginpage@5fcd892a]" name="getBrowser" is-config="true" duration-ms="1440" started-at="2019-06-03T06:23:54Z" finished-at="2019-06-03T06:23:55Z">
          <params>
            <param index="0">
              <value>
                <![CDATA[chrome]]>
              </value>
            </param>
            <param index="1">
              <value>
                <![CDATA[Headless]]>
              </value>
            </param>
          </params>
          <reporter-output>
          </reporter-output>
        </test-method> <!-- getBrowser -->
        <test-method status="PASS" signature="validateincorrectlogin()[pri:2, instance:com.sample.abc.Loginpage@5fcd892a]" name="validateincorrectlogin" duration-ms="187" started-at="2019-06-03T06:23:55Z" finished-at="2019-06-03T06:23:55Z">
          <reporter-output>
          </reporter-output>
        </test-method> <!-- validateincorrectlogin -->
        <test-method status="PASS" signature="closeBrowser()[pri:0, instance:com.sample.abc.Loginpage@5fcd892a]" name="closeBrowser" is-config="true" duration-ms="4" started-at="2019-06-03T06:23:55Z" finished-at="2019-06-03T06:23:55Z">
          <reporter-output>
          </reporter-output>
        </test-method> <!-- closeBrowser -->
        <test-method status="PASS" signature="getBrowser(java.lang.String, java.lang.String)[pri:0, instance:com.sample.abc.Loginpage@5fcd892a]" name="getBrowser" is-config="true" duration-ms="1456" started-at="2019-06-03T06:23:55Z" finished-at="2019-06-03T06:23:57Z">
          <params>
            <param index="0">
              <value>
                <![CDATA[chrome]]>
              </value>
            </param>
            <param index="1">
              <value>
                <![CDATA[Headless]]>
              </value>
            </param>
          </params>
          <reporter-output>
          </reporter-output>
        </test-method> <!-- getBrowser -->
        <test-method status="PASS" signature="validateLogo()[pri:3, instance:com.sample.abc.Loginpage@5fcd892a]" name="validateLogo" duration-ms="8" started-at="2019-06-03T06:23:57Z" finished-at="2019-06-03T06:23:57Z">
          <reporter-output>
          </reporter-output>
        </test-method> <!-- validateLogo -->
        <test-method status="PASS" signature="closeBrowser()[pri:0, instance:com.sample.abc.Loginpage@5fcd892a]" name="closeBrowser" is-config="true" duration-ms="2" started-at="2019-06-03T06:23:57Z" finished-at="2019-06-03T06:23:57Z">
          <reporter-output>
          </reporter-output>
        </test-method> <!-- closeBrowser -->
      </class> <!-- com.sample.abc.Loginpage -->
      <class name="com.sample.abc.Homepage">
        <test-method status="PASS" signature="getBrowser(java.lang.String, java.lang.String)[pri:0, instance:com.sample.abc.Homepage@aecb35a]" name="getBrowser" is-config="true" duration-ms="5685" started-at="2019-06-03T06:23:31Z" finished-at="2019-06-03T06:23:36Z">
          <params>
            <param index="0">
              <value>
                <![CDATA[chrome]]>
              </value>
            </param>
            <param index="1">
              <value>
                <![CDATA[Headless]]>
              </value>
            </param>
          </params>
          <reporter-output>
          </reporter-output>
        </test-method> <!-- getBrowser -->
        <test-method status="FAIL" signature="validateNewBlog()[pri:0, instance:com.sample.abc.Homepage@aecb35a]" name="validateNewBlog" duration-ms="3642" started-at="2019-06-03T06:23:36Z" finished-at="2019-06-03T06:23:40Z">
          <exception class="org.openqa.selenium.NoSuchElementException">
            <message>
              <![CDATA[Unable to locate a node using //a[@class='welcome-icon welcome-add-page']
For documentation on this error, please visit: https://www.seleniumhq.org/exceptions/no_such_element.html
Build info: version: '3.141.59', revision: 'e82be7d358', time: '2018-11-14T08:17:03'
System info: host: 'Sowbhas-iMac.local', ip: '10.79.0.23', os.name: 'Mac OS X', os.arch: 'x86_64', os.version: '10.12.6', java.version: '1.8.0_201'
Driver info: driver.version: HtmlUnitDriver]]>
            </message>
            <full-stacktrace>
              <![CDATA[org.openqa.selenium.NoSuchElementException: Unable to locate a node using //a[@class='welcome-icon welcome-add-page']
For documentation on this error, please visit: https://www.seleniumhq.org/exceptions/no_such_element.html
Build info: version: '3.141.59', revision: 'e82be7d358', time: '2018-11-14T08:17:03'
System info: host: 'Sowbhas-iMac.local', ip: '10.79.0.23', os.name: 'Mac OS X', os.arch: 'x86_64', os.version: '10.12.6', java.version: '1.8.0_201'
Driver info: driver.version: HtmlUnitDriver
at org.openqa.selenium.htmlunit.HtmlUnitDriver.findElementByXPath(HtmlUnitDriver.java:1408)
at org.openqa.selenium.By$ByXPath.findElement(By.java:353)
at org.openqa.selenium.htmlunit.HtmlUnitDriver$4.call(HtmlUnitDriver.java:2024)
at org.openqa.selenium.htmlunit.HtmlUnitDriver$4.call(HtmlUnitDriver.java:2020)
at org.openqa.selenium.htmlunit.HtmlUnitDriver.implicitlyWaitFor(HtmlUnitDriver.java:1660)
at org.openqa.selenium.htmlunit.HtmlUnitDriver.findElement(HtmlUnitDriver.java:2020)
at org.openqa.selenium.htmlunit.HtmlUnitDriver.findElement(HtmlUnitDriver.java:798)
at com.sample.abc.Homepage.validateNewBlog(Homepage.java:114)
at sun.reflect.NativeMethodAccessorImpl.invoke0(Native Method)
at sun.reflect.NativeMethodAccessorImpl.invoke(NativeMethodAccessorImpl.java:62)
at sun.reflect.DelegatingMethodAccessorImpl.invoke(DelegatingMethodAccessorImpl.java:43)
at java.lang.reflect.Method.invoke(Method.java:498)
at org.testng.internal.MethodInvocationHelper.invokeMethod(MethodInvocationHelper.java:124)
at org.testng.internal.Invoker.invokeMethod(Invoker.java:583)
at org.testng.internal.Invoker.invokeTestMethod(Invoker.java:719)
at org.testng.internal.Invoker.invokeTestMethods(Invoker.java:989)
at org.testng.internal.TestMethodWorker.invokeTestMethods(TestMethodWorker.java:125)
at org.testng.internal.TestMethodWorker.run(TestMethodWorker.java:109)
at java.util.concurrent.ThreadPoolExecutor.runWorker(ThreadPoolExecutor.java:1149)
at java.util.concurrent.ThreadPoolExecutor$Worker.run(ThreadPoolExecutor.java:624)
at java.lang.Thread.run(Thread.java:748)
]]>
            </full-stacktrace>
          </exception> <!-- org.openqa.selenium.NoSuchElementException -->
          <reporter-output>
          </reporter-output>
        </test-method> <!-- validateNewBlog -->
        <test-method status="PASS" signature="closeBrowser()[pri:0, instance:com.sample.abc.Homepage@aecb35a]" name="closeBrowser" is-config="true" duration-ms="6" started-at="2019-06-03T06:23:40Z" finished-at="2019-06-03T06:23:40Z">
          <reporter-output>
          </reporter-output>
        </test-method> <!-- closeBrowser -->
        <test-method status="PASS" signature="getBrowser(java.lang.String, java.lang.String)[pri:0, instance:com.sample.abc.Homepage@aecb35a]" name="getBrowser" is-config="true" duration-ms="2498" started-at="2019-06-03T06:23:40Z" finished-at="2019-06-03T06:23:42Z">
          <params>
            <param index="0">
              <value>
                <![CDATA[chrome]]>
              </value>
            </param>
            <param index="1">
              <value>
                <![CDATA[Headless]]>
              </value>
            </param>
          </params>
          <reporter-output>
          </reporter-output>
        </test-method> <!-- getBrowser -->
        <test-method status="FAIL" signature="validateQuickDraft()[pri:0, instance:com.sample.abc.Homepage@aecb35a]" name="validateQuickDraft" duration-ms="4535" started-at="2019-06-03T06:23:42Z" finished-at="2019-06-03T06:23:47Z">
          <exception class="org.openqa.selenium.ElementNotInteractableException">
            <message>
              <![CDATA[You may only interact with visible elements
Build info: version: '3.141.59', revision: 'e82be7d358', time: '2018-11-14T08:17:03'
System info: host: 'Sowbhas-iMac.local', ip: '10.79.0.23', os.name: 'Mac OS X', os.arch: 'x86_64', os.version: '10.12.6', java.version: '1.8.0_201'
Driver info: driver.version: unknown]]>
            </message>
            <full-stacktrace>
              <![CDATA[org.openqa.selenium.ElementNotInteractableException: You may only interact with visible elements
Build info: version: '3.141.59', revision: 'e82be7d358', time: '2018-11-14T08:17:03'
System info: host: 'Sowbhas-iMac.local', ip: '10.79.0.23', os.name: 'Mac OS X', os.arch: 'x86_64', os.version: '10.12.6', java.version: '1.8.0_201'
Driver info: driver.version: unknown
at org.openqa.selenium.htmlunit.HtmlUnitWebElement.verifyCanInteractWithElement(HtmlUnitWebElement.java:260)
at org.openqa.selenium.htmlunit.HtmlUnitWebElement.click(HtmlUnitWebElement.java:135)
at com.sample.abc.Homepage.validateQuickDraft(Homepage.java:126)
at sun.reflect.NativeMethodAccessorImpl.invoke0(Native Method)
at sun.reflect.NativeMethodAccessorImpl.invoke(NativeMethodAccessorImpl.java:62)
at sun.reflect.DelegatingMethodAccessorImpl.invoke(DelegatingMethodAccessorImpl.java:43)
at java.lang.reflect.Method.invoke(Method.java:498)
at org.testng.internal.MethodInvocationHelper.invokeMethod(MethodInvocationHelper.java:124)
at org.testng.internal.Invoker.invokeMethod(Invoker.java:583)
at org.testng.internal.Invoker.invokeTestMethod(Invoker.java:719)
at org.testng.internal.Invoker.invokeTestMethods(Invoker.java:989)
at org.testng.internal.TestMethodWorker.invokeTestMethods(TestMethodWorker.java:125)
at org.testng.internal.TestMethodWorker.run(TestMethodWorker.java:109)
at java.util.concurrent.ThreadPoolExecutor.runWorker(ThreadPoolExecutor.java:1149)
at java.util.concurrent.ThreadPoolExecutor$Worker.run(ThreadPoolExecutor.java:624)
at java.lang.Thread.run(Thread.java:748)
]]>
            </full-stacktrace>
          </exception> <!-- org.openqa.selenium.ElementNotInteractableException -->
          <reporter-output>
          </reporter-output>
        </test-method> <!-- validateQuickDraft -->
        <test-method status="PASS" signature="closeBrowser()[pri:0, instance:com.sample.abc.Homepage@aecb35a]" name="closeBrowser" is-config="true" duration-ms="3" started-at="2019-06-03T06:23:47Z" finished-at="2019-06-03T06:23:47Z">
          <reporter-output>
          </reporter-output>
        </test-method> <!-- closeBrowser -->
        <test-method status="PASS" signature="getBrowser(java.lang.String, java.lang.String)[pri:0, instance:com.sample.abc.Homepage@aecb35a]" name="getBrowser" is-config="true" duration-ms="1589" started-at="2019-06-03T06:23:47Z" finished-at="2019-06-03T06:23:49Z">
          <params>
            <param index="0">
              <value>
                <![CDATA[chrome]]>
              </value>
            </param>
            <param index="1">
              <value>
                <![CDATA[Headless]]>
              </value>
            </param>
          </params>
          <reporter-output>
          </reporter-output>
        </test-method> <!-- getBrowser -->
        <test-method status="PASS" signature="validatelogin()[pri:0, instance:com.sample.abc.Homepage@aecb35a]" name="validatelogin" duration-ms="1495" started-at="2019-06-03T06:23:49Z" finished-at="2019-06-03T06:23:50Z">
          <reporter-output>
          </reporter-output>
        </test-method> <!-- validatelogin -->
        <test-method status="PASS" signature="closeBrowser()[pri:0, instance:com.sample.abc.Homepage@aecb35a]" name="closeBrowser" is-config="true" duration-ms="4" started-at="2019-06-03T06:23:50Z" finished-at="2019-06-03T06:23:50Z">
          <reporter-output>
          </reporter-output>
        </test-method> <!-- closeBrowser -->
      </class> <!-- com.sample.abc.Homepage -->
    </test> <!-- ParallelTest1 Browser Chrome -->
    <test name="ParallelTest2 Browser Firefox" duration-ms="24257" started-at="2019-06-03T06:23:57Z" finished-at="2019-06-03T06:24:21Z">
      <class name="com.sample.abc.Loginpage">
        <test-method status="PASS" signature="getBrowser(java.lang.String, java.lang.String)[pri:0, instance:com.sample.abc.Loginpage@de3a06f]" name="getBrowser" is-config="true" duration-ms="1776" started-at="2019-06-03T06:24:13Z" finished-at="2019-06-03T06:24:15Z">
          <params>
            <param index="0">
              <value>
                <![CDATA[Firefox]]>
              </value>
            </param>
            <param index="1">
              <value>
                <![CDATA[Headless]]>
              </value>
            </param>
          </params>
          <reporter-output>
          </reporter-output>
        </test-method> <!-- getBrowser -->
        <test-method status="PASS" signature="validatelogin()[pri:1, instance:com.sample.abc.Loginpage@de3a06f]" name="validatelogin" duration-ms="1440" started-at="2019-06-03T06:24:15Z" finished-at="2019-06-03T06:24:17Z">
          <reporter-output>
          </reporter-output>
        </test-method> <!-- validatelogin -->
        <test-method status="PASS" signature="closeBrowser()[pri:0, instance:com.sample.abc.Loginpage@de3a06f]" name="closeBrowser" is-config="true" duration-ms="2" started-at="2019-06-03T06:24:17Z" finished-at="2019-06-03T06:24:17Z">
          <reporter-output>
          </reporter-output>
        </test-method> <!-- closeBrowser -->
        <test-method status="PASS" signature="getBrowser(java.lang.String, java.lang.String)[pri:0, instance:com.sample.abc.Loginpage@de3a06f]" name="getBrowser" is-config="true" duration-ms="1951" started-at="2019-06-03T06:24:17Z" finished-at="2019-06-03T06:24:19Z">
          <params>
            <param index="0">
              <value>
                <![CDATA[Firefox]]>
              </value>
            </param>
            <param index="1">
              <value>
                <![CDATA[Headless]]>
              </value>
            </param>
          </params>
          <reporter-output>
          </reporter-output>
        </test-method> <!-- getBrowser -->
        <test-method status="PASS" signature="validateincorrectlogin()[pri:2, instance:com.sample.abc.Loginpage@de3a06f]" name="validateincorrectlogin" duration-ms="173" started-at="2019-06-03T06:24:19Z" finished-at="2019-06-03T06:24:19Z">
          <reporter-output>
          </reporter-output>
        </test-method> <!-- validateincorrectlogin -->
        <test-method status="PASS" signature="closeBrowser()[pri:0, instance:com.sample.abc.Loginpage@de3a06f]" name="closeBrowser" is-config="true" duration-ms="3" started-at="2019-06-03T06:24:19Z" finished-at="2019-06-03T06:24:19Z">
          <reporter-output>
          </reporter-output>
        </test-method> <!-- closeBrowser -->
        <test-method status="PASS" signature="getBrowser(java.lang.String, java.lang.String)[pri:0, instance:com.sample.abc.Loginpage@de3a06f]" name="getBrowser" is-config="true" duration-ms="2167" started-at="2019-06-03T06:24:19Z" finished-at="2019-06-03T06:24:21Z">
          <params>
            <param index="0">
              <value>
                <![CDATA[Firefox]]>
              </value>
            </param>
            <param index="1">
              <value>
                <![CDATA[Headless]]>
              </value>
            </param>
          </params>
          <reporter-output>
          </reporter-output>
        </test-method> <!-- getBrowser -->
        <test-method status="PASS" signature="validateLogo()[pri:3, instance:com.sample.abc.Loginpage@de3a06f]" name="validateLogo" duration-ms="7" started-at="2019-06-03T06:24:21Z" finished-at="2019-06-03T06:24:21Z">
          <reporter-output>
          </reporter-output>
        </test-method> <!-- validateLogo -->
        <test-method status="PASS" signature="closeBrowser()[pri:0, instance:com.sample.abc.Loginpage@de3a06f]" name="closeBrowser" is-config="true" duration-ms="5" started-at="2019-06-03T06:24:21Z" finished-at="2019-06-03T06:24:21Z">
          <reporter-output>
          </reporter-output>
        </test-method> <!-- closeBrowser -->
      </class> <!-- com.sample.abc.Loginpage -->
      <class name="com.sample.abc.Homepage">
        <test-method status="PASS" signature="getBrowser(java.lang.String, java.lang.String)[pri:0, instance:com.sample.abc.Homepage@6c9f5c0d]" name="getBrowser" is-config="true" duration-ms="3127" started-at="2019-06-03T06:23:57Z" finished-at="2019-06-03T06:24:00Z">
          <params>
            <param index="0">
              <value>
                <![CDATA[Firefox]]>
              </value>
            </param>
            <param index="1">
              <value>
                <![CDATA[Headless]]>
              </value>
            </param>
          </params>
          <reporter-output>
          </reporter-output>
        </test-method> <!-- getBrowser -->
        <test-method status="FAIL" signature="validateNewBlog()[pri:0, instance:com.sample.abc.Homepage@6c9f5c0d]" name="validateNewBlog" duration-ms="4058" started-at="2019-06-03T06:24:00Z" finished-at="2019-06-03T06:24:04Z">
          <exception class="org.openqa.selenium.ElementNotInteractableException">
            <message>
              <![CDATA[You may only interact with visible elements
Build info: version: '3.141.59', revision: 'e82be7d358', time: '2018-11-14T08:17:03'
System info: host: 'Sowbhas-iMac.local', ip: '10.79.0.23', os.name: 'Mac OS X', os.arch: 'x86_64', os.version: '10.12.6', java.version: '1.8.0_201'
Driver info: driver.version: unknown]]>
            </message>
            <full-stacktrace>
              <![CDATA[org.openqa.selenium.ElementNotInteractableException: You may only interact with visible elements
Build info: version: '3.141.59', revision: 'e82be7d358', time: '2018-11-14T08:17:03'
System info: host: 'Sowbhas-iMac.local', ip: '10.79.0.23', os.name: 'Mac OS X', os.arch: 'x86_64', os.version: '10.12.6', java.version: '1.8.0_201'
Driver info: driver.version: unknown
at org.openqa.selenium.htmlunit.HtmlUnitWebElement.verifyCanInteractWithElement(HtmlUnitWebElement.java:260)
at org.openqa.selenium.htmlunit.HtmlUnitWebElement.click(HtmlUnitWebElement.java:135)
at com.sample.abc.Homepage.validateNewBlog(Homepage.java:114)
at sun.reflect.NativeMethodAccessorImpl.invoke0(Native Method)
at sun.reflect.NativeMethodAccessorImpl.invoke(NativeMethodAccessorImpl.java:62)
at sun.reflect.DelegatingMethodAccessorImpl.invoke(DelegatingMethodAccessorImpl.java:43)
at java.lang.reflect.Method.invoke(Method.java:498)
at org.testng.internal.MethodInvocationHelper.invokeMethod(MethodInvocationHelper.java:124)
at org.testng.internal.Invoker.invokeMethod(Invoker.java:583)
at org.testng.internal.Invoker.invokeTestMethod(Invoker.java:719)
at org.testng.internal.Invoker.invokeTestMethods(Invoker.java:989)
at org.testng.internal.TestMethodWorker.invokeTestMethods(TestMethodWorker.java:125)
at org.testng.internal.TestMethodWorker.run(TestMethodWorker.java:109)
at java.util.concurrent.ThreadPoolExecutor.runWorker(ThreadPoolExecutor.java:1149)
at java.util.concurrent.ThreadPoolExecutor$Worker.run(ThreadPoolExecutor.java:624)
at java.lang.Thread.run(Thread.java:748)
]]>
            </full-stacktrace>
          </exception> <!-- org.openqa.selenium.ElementNotInteractableException -->
          <reporter-output>
          </reporter-output>
        </test-method> <!-- validateNewBlog -->
        <test-method status="PASS" signature="closeBrowser()[pri:0, instance:com.sample.abc.Homepage@6c9f5c0d]" name="closeBrowser" is-config="true" duration-ms="2" started-at="2019-06-03T06:24:04Z" finished-at="2019-06-03T06:24:04Z">
          <reporter-output>
          </reporter-output>
        </test-method> <!-- closeBrowser -->
        <test-method status="PASS" signature="getBrowser(java.lang.String, java.lang.String)[pri:0, instance:com.sample.abc.Homepage@6c9f5c0d]" name="getBrowser" is-config="true" duration-ms="1862" started-at="2019-06-03T06:24:04Z" finished-at="2019-06-03T06:24:06Z">
          <params>
            <param index="0">
              <value>
                <![CDATA[Firefox]]>
              </value>
            </param>
            <param index="1">
              <value>
                <![CDATA[Headless]]>
              </value>
            </param>
          </params>
          <reporter-output>
          </reporter-output>
        </test-method> <!-- getBrowser -->
        <test-method status="FAIL" signature="validateQuickDraft()[pri:0, instance:com.sample.abc.Homepage@6c9f5c0d]" name="validateQuickDraft" duration-ms="3464" started-at="2019-06-03T06:24:06Z" finished-at="2019-06-03T06:24:09Z">
          <exception class="org.openqa.selenium.ElementNotInteractableException">
            <message>
              <![CDATA[You may only interact with visible elements
Build info: version: '3.141.59', revision: 'e82be7d358', time: '2018-11-14T08:17:03'
System info: host: 'Sowbhas-iMac.local', ip: '10.79.0.23', os.name: 'Mac OS X', os.arch: 'x86_64', os.version: '10.12.6', java.version: '1.8.0_201'
Driver info: driver.version: unknown]]>
            </message>
            <full-stacktrace>
              <![CDATA[org.openqa.selenium.ElementNotInteractableException: You may only interact with visible elements
Build info: version: '3.141.59', revision: 'e82be7d358', time: '2018-11-14T08:17:03'
System info: host: 'Sowbhas-iMac.local', ip: '10.79.0.23', os.name: 'Mac OS X', os.arch: 'x86_64', os.version: '10.12.6', java.version: '1.8.0_201'
Driver info: driver.version: unknown
at org.openqa.selenium.htmlunit.HtmlUnitWebElement.verifyCanInteractWithElement(HtmlUnitWebElement.java:260)
at org.openqa.selenium.htmlunit.HtmlUnitWebElement.click(HtmlUnitWebElement.java:135)
at com.sample.abc.Homepage.validateQuickDraft(Homepage.java:126)
at sun.reflect.NativeMethodAccessorImpl.invoke0(Native Method)
at sun.reflect.NativeMethodAccessorImpl.invoke(NativeMethodAccessorImpl.java:62)
at sun.reflect.DelegatingMethodAccessorImpl.invoke(DelegatingMethodAccessorImpl.java:43)
at java.lang.reflect.Method.invoke(Method.java:498)
at org.testng.internal.MethodInvocationHelper.invokeMethod(MethodInvocationHelper.java:124)
at org.testng.internal.Invoker.invokeMethod(Invoker.java:583)
at org.testng.internal.Invoker.invokeTestMethod(Invoker.java:719)
at org.testng.internal.Invoker.invokeTestMethods(Invoker.java:989)
at org.testng.internal.TestMethodWorker.invokeTestMethods(TestMethodWorker.java:125)
at org.testng.internal.TestMethodWorker.run(TestMethodWorker.java:109)
at java.util.concurrent.ThreadPoolExecutor.runWorker(ThreadPoolExecutor.java:1149)
at java.util.concurrent.ThreadPoolExecutor$Worker.run(ThreadPoolExecutor.java:624)
at java.lang.Thread.run(Thread.java:748)
]]>
            </full-stacktrace>
          </exception> <!-- org.openqa.selenium.ElementNotInteractableException -->
          <reporter-output>
          </reporter-output>
        </test-method> <!-- validateQuickDraft -->
        <test-method status="PASS" signature="closeBrowser()[pri:0, instance:com.sample.abc.Homepage@6c9f5c0d]" name="closeBrowser" is-config="true" duration-ms="2" started-at="2019-06-03T06:24:09Z" finished-at="2019-06-03T06:24:09Z">
          <reporter-output>
          </reporter-output>
        </test-method> <!-- closeBrowser -->
        <test-method status="PASS" signature="getBrowser(java.lang.String, java.lang.String)[pri:0, instance:com.sample.abc.Homepage@6c9f5c0d]" name="getBrowser" is-config="true" duration-ms="2759" started-at="2019-06-03T06:24:09Z" finished-at="2019-06-03T06:24:12Z">
          <params>
            <param index="0">
              <value>
                <![CDATA[Firefox]]>
              </value>
            </param>
            <param index="1">
              <value>
                <![CDATA[Headless]]>
              </value>
            </param>
          </params>
          <reporter-output>
          </reporter-output>
        </test-method> <!-- getBrowser -->
        <test-method status="PASS" signature="validatelogin()[pri:0, instance:com.sample.abc.Homepage@6c9f5c0d]" name="validatelogin" duration-ms="1442" started-at="2019-06-03T06:24:12Z" finished-at="2019-06-03T06:24:13Z">
          <reporter-output>
          </reporter-output>
        </test-method> <!-- validatelogin -->
        <test-method status="PASS" signature="closeBrowser()[pri:0, instance:com.sample.abc.Homepage@6c9f5c0d]" name="closeBrowser" is-config="true" duration-ms="2" started-at="2019-06-03T06:24:13Z" finished-at="2019-06-03T06:24:13Z">
          <reporter-output>
          </reporter-output>
        </test-method> <!-- closeBrowser -->
      </class> <!-- com.sample.abc.Homepage -->
    </test> <!-- ParallelTest2 Browser Firefox -->
    <test name="ParallelTest3 Browser Firefox" duration-ms="98053" started-at="2019-06-03T06:24:21Z" finished-at="2019-06-03T06:25:59Z">
      <class name="com.sample.abc.Loginpage">
        <test-method status="PASS" signature="getBrowser(java.lang.String, java.lang.String)[pri:0, instance:com.sample.abc.Loginpage@3bd94634]" name="getBrowser" is-config="true" duration-ms="8052" started-at="2019-06-03T06:25:30Z" finished-at="2019-06-03T06:25:38Z">
          <params>
            <param index="0">
              <value>
                <![CDATA[Firefox]]>
              </value>
            </param>
            <param index="1">
              <value>
                <![CDATA[Head]]>
              </value>
            </param>
          </params>
          <reporter-output>
          </reporter-output>
        </test-method> <!-- getBrowser -->
        <test-method status="PASS" signature="validatelogin()[pri:1, instance:com.sample.abc.Loginpage@3bd94634]" name="validatelogin" duration-ms="2916" started-at="2019-06-03T06:25:38Z" finished-at="2019-06-03T06:25:41Z">
          <reporter-output>
          </reporter-output>
        </test-method> <!-- validatelogin -->
        <test-method status="PASS" signature="closeBrowser()[pri:0, instance:com.sample.abc.Loginpage@3bd94634]" name="closeBrowser" is-config="true" duration-ms="728" started-at="2019-06-03T06:25:41Z" finished-at="2019-06-03T06:25:41Z">
          <reporter-output>
          </reporter-output>
        </test-method> <!-- closeBrowser -->
        <test-method status="PASS" signature="getBrowser(java.lang.String, java.lang.String)[pri:0, instance:com.sample.abc.Loginpage@3bd94634]" name="getBrowser" is-config="true" duration-ms="7417" started-at="2019-06-03T06:25:41Z" finished-at="2019-06-03T06:25:49Z">
          <params>
            <param index="0">
              <value>
                <![CDATA[Firefox]]>
              </value>
            </param>
            <param index="1">
              <value>
                <![CDATA[Head]]>
              </value>
            </param>
          </params>
          <reporter-output>
          </reporter-output>
        </test-method> <!-- getBrowser -->
        <test-method status="PASS" signature="validateincorrectlogin()[pri:2, instance:com.sample.abc.Loginpage@3bd94634]" name="validateincorrectlogin" duration-ms="1204" started-at="2019-06-03T06:25:49Z" finished-at="2019-06-03T06:25:50Z">
          <reporter-output>
          </reporter-output>
        </test-method> <!-- validateincorrectlogin -->
        <test-method status="PASS" signature="closeBrowser()[pri:0, instance:com.sample.abc.Loginpage@3bd94634]" name="closeBrowser" is-config="true" duration-ms="708" started-at="2019-06-03T06:25:50Z" finished-at="2019-06-03T06:25:51Z">
          <reporter-output>
          </reporter-output>
        </test-method> <!-- closeBrowser -->
        <test-method status="PASS" signature="getBrowser(java.lang.String, java.lang.String)[pri:0, instance:com.sample.abc.Loginpage@3bd94634]" name="getBrowser" is-config="true" duration-ms="7547" started-at="2019-06-03T06:25:51Z" finished-at="2019-06-03T06:25:58Z">
          <params>
            <param index="0">
              <value>
                <![CDATA[Firefox]]>
              </value>
            </param>
            <param index="1">
              <value>
                <![CDATA[Head]]>
              </value>
            </param>
          </params>
          <reporter-output>
          </reporter-output>
        </test-method> <!-- getBrowser -->
        <test-method status="PASS" signature="validateLogo()[pri:3, instance:com.sample.abc.Loginpage@3bd94634]" name="validateLogo" duration-ms="141" started-at="2019-06-03T06:25:58Z" finished-at="2019-06-03T06:25:58Z">
          <reporter-output>
          </reporter-output>
        </test-method> <!-- validateLogo -->
        <test-method status="PASS" signature="closeBrowser()[pri:0, instance:com.sample.abc.Loginpage@3bd94634]" name="closeBrowser" is-config="true" duration-ms="719" started-at="2019-06-03T06:25:58Z" finished-at="2019-06-03T06:25:59Z">
          <reporter-output>
          </reporter-output>
        </test-method> <!-- closeBrowser -->
      </class> <!-- com.sample.abc.Loginpage -->
      <class name="com.sample.abc.Homepage">
        <test-method status="PASS" signature="getBrowser(java.lang.String, java.lang.String)[pri:0, instance:com.sample.abc.Homepage@f4168b8]" name="getBrowser" is-config="true" duration-ms="35846" started-at="2019-06-03T06:24:21Z" finished-at="2019-06-03T06:24:57Z">
          <params>
            <param index="0">
              <value>
                <![CDATA[Firefox]]>
              </value>
            </param>
            <param index="1">
              <value>
                <![CDATA[Head]]>
              </value>
            </param>
          </params>
          <reporter-output>
          </reporter-output>
        </test-method> <!-- getBrowser -->
        <test-method status="FAIL" signature="validateNewBlog()[pri:0, instance:com.sample.abc.Homepage@f4168b8]" name="validateNewBlog" duration-ms="4967" started-at="2019-06-03T06:24:57Z" finished-at="2019-06-03T06:25:02Z">
          <exception class="org.openqa.selenium.ElementNotInteractableException">
            <message>
              <![CDATA[Element <a class="welcome-icon welcome-add-page" href="https://s1.demo.opensourcecms.com/wordpress/wp-admin/post-new.php?post_type=page"> could not be scrolled into view
Build info: version: '3.141.59', revision: 'e82be7d358', time: '2018-11-14T08:17:03'
System info: host: 'Sowbhas-iMac.local', ip: '10.79.0.23', os.name: 'Mac OS X', os.arch: 'x86_64', os.version: '10.12.6', java.version: '1.8.0_201'
Driver info: org.openqa.selenium.firefox.FirefoxDriver
Capabilities {acceptInsecureCerts: true, browserName: firefox, browserVersion: 64.0, javascriptEnabled: true, moz:accessibilityChecks: false, moz:geckodriverVersion: 0.23.0, moz:headless: false, moz:processID: 58244, moz:profile: /var/folders/kw/37dwzp7n23q..., moz:shutdownTimeout: 60000, moz:useNonSpecCompliantPointerOrigin: false, moz:webdriverClick: true, pageLoadStrategy: normal, platform: MAC, platformName: MAC, platformVersion: 16.7.0, rotatable: false, setWindowRect: true, timeouts: {implicit: 0, pageLoad: 300000, script: 30000}, unhandledPromptBehavior: dismiss and notify}
Session ID: 483459d6-0bf4-9745-9f6c-f88adbf7bc44]]>
            </message>
            <full-stacktrace>
              <![CDATA[org.openqa.selenium.ElementNotInteractableException: Element <a class="welcome-icon welcome-add-page" href="https://s1.demo.opensourcecms.com/wordpress/wp-admin/post-new.php?post_type=page"> could not be scrolled into view
Build info: version: '3.141.59', revision: 'e82be7d358', time: '2018-11-14T08:17:03'
System info: host: 'Sowbhas-iMac.local', ip: '10.79.0.23', os.name: 'Mac OS X', os.arch: 'x86_64', os.version: '10.12.6', java.version: '1.8.0_201'
Driver info: org.openqa.selenium.firefox.FirefoxDriver
Capabilities {acceptInsecureCerts: true, browserName: firefox, browserVersion: 64.0, javascriptEnabled: true, moz:accessibilityChecks: false, moz:geckodriverVersion: 0.23.0, moz:headless: false, moz:processID: 58244, moz:profile: /var/folders/kw/37dwzp7n23q..., moz:shutdownTimeout: 60000, moz:useNonSpecCompliantPointerOrigin: false, moz:webdriverClick: true, pageLoadStrategy: normal, platform: MAC, platformName: MAC, platformVersion: 16.7.0, rotatable: false, setWindowRect: true, timeouts: {implicit: 0, pageLoad: 300000, script: 30000}, unhandledPromptBehavior: dismiss and notify}
Session ID: 483459d6-0bf4-9745-9f6c-f88adbf7bc44
at sun.reflect.NativeConstructorAccessorImpl.newInstance0(Native Method)
at sun.reflect.NativeConstructorAccessorImpl.newInstance(NativeConstructorAccessorImpl.java:62)
at sun.reflect.DelegatingConstructorAccessorImpl.newInstance(DelegatingConstructorAccessorImpl.java:45)
at java.lang.reflect.Constructor.newInstance(Constructor.java:423)
at org.openqa.selenium.remote.http.W3CHttpResponseCodec.createException(W3CHttpResponseCodec.java:187)
at org.openqa.selenium.remote.http.W3CHttpResponseCodec.decode(W3CHttpResponseCodec.java:122)
at org.openqa.selenium.remote.http.W3CHttpResponseCodec.decode(W3CHttpResponseCodec.java:49)
at org.openqa.selenium.remote.HttpCommandExecutor.execute(HttpCommandExecutor.java:158)
at org.openqa.selenium.remote.service.DriverCommandExecutor.execute(DriverCommandExecutor.java:83)
at org.openqa.selenium.remote.RemoteWebDriver.execute(RemoteWebDriver.java:552)
at org.openqa.selenium.remote.RemoteWebElement.execute(RemoteWebElement.java:285)
at org.openqa.selenium.remote.RemoteWebElement.click(RemoteWebElement.java:84)
at com.sample.abc.Homepage.validateNewBlog(Homepage.java:114)
at sun.reflect.NativeMethodAccessorImpl.invoke0(Native Method)
at sun.reflect.NativeMethodAccessorImpl.invoke(NativeMethodAccessorImpl.java:62)
at sun.reflect.DelegatingMethodAccessorImpl.invoke(DelegatingMethodAccessorImpl.java:43)
at java.lang.reflect.Method.invoke(Method.java:498)
at org.testng.internal.MethodInvocationHelper.invokeMethod(MethodInvocationHelper.java:124)
at org.testng.internal.Invoker.invokeMethod(Invoker.java:583)
at org.testng.internal.Invoker.invokeTestMethod(Invoker.java:719)
at org.testng.internal.Invoker.invokeTestMethods(Invoker.java:989)
at org.testng.internal.TestMethodWorker.invokeTestMethods(TestMethodWorker.java:125)
at org.testng.internal.TestMethodWorker.run(TestMethodWorker.java:109)
at java.util.concurrent.ThreadPoolExecutor.runWorker(ThreadPoolExecutor.java:1149)
at java.util.concurrent.ThreadPoolExecutor$Worker.run(ThreadPoolExecutor.java:624)
at java.lang.Thread.run(Thread.java:748)
]]>
            </full-stacktrace>
          </exception> <!-- org.openqa.selenium.ElementNotInteractableException -->
          <reporter-output>
          </reporter-output>
        </test-method> <!-- validateNewBlog -->
        <test-method status="PASS" signature="closeBrowser()[pri:0, instance:com.sample.abc.Homepage@f4168b8]" name="closeBrowser" is-config="true" duration-ms="1896" started-at="2019-06-03T06:25:02Z" finished-at="2019-06-03T06:25:04Z">
          <reporter-output>
          </reporter-output>
        </test-method> <!-- closeBrowser -->
        <test-method status="PASS" signature="getBrowser(java.lang.String, java.lang.String)[pri:0, instance:com.sample.abc.Homepage@f4168b8]" name="getBrowser" is-config="true" duration-ms="8989" started-at="2019-06-03T06:25:04Z" finished-at="2019-06-03T06:25:13Z">
          <params>
            <param index="0">
              <value>
                <![CDATA[Firefox]]>
              </value>
            </param>
            <param index="1">
              <value>
                <![CDATA[Head]]>
              </value>
            </param>
          </params>
          <reporter-output>
          </reporter-output>
        </test-method> <!-- getBrowser -->
        <test-method status="FAIL" signature="validateQuickDraft()[pri:0, instance:com.sample.abc.Homepage@f4168b8]" name="validateQuickDraft" duration-ms="3532" started-at="2019-06-03T06:25:13Z" finished-at="2019-06-03T06:25:16Z">
          <exception class="org.openqa.selenium.ElementNotInteractableException">
            <message>
              <![CDATA[Element <input id="title" name="post_title" type="text"> could not be scrolled into view
Build info: version: '3.141.59', revision: 'e82be7d358', time: '2018-11-14T08:17:03'
System info: host: 'Sowbhas-iMac.local', ip: '10.79.0.23', os.name: 'Mac OS X', os.arch: 'x86_64', os.version: '10.12.6', java.version: '1.8.0_201'
Driver info: org.openqa.selenium.firefox.FirefoxDriver
Capabilities {acceptInsecureCerts: true, browserName: firefox, browserVersion: 64.0, javascriptEnabled: true, moz:accessibilityChecks: false, moz:geckodriverVersion: 0.23.0, moz:headless: false, moz:processID: 58255, moz:profile: /var/folders/kw/37dwzp7n23q..., moz:shutdownTimeout: 60000, moz:useNonSpecCompliantPointerOrigin: false, moz:webdriverClick: true, pageLoadStrategy: normal, platform: MAC, platformName: MAC, platformVersion: 16.7.0, rotatable: false, setWindowRect: true, timeouts: {implicit: 0, pageLoad: 300000, script: 30000}, unhandledPromptBehavior: dismiss and notify}
Session ID: f5ff5700-7c42-4e41-bc78-4a3c0b3d0759]]>
            </message>
            <full-stacktrace>
              <![CDATA[org.openqa.selenium.ElementNotInteractableException: Element <input id="title" name="post_title" type="text"> could not be scrolled into view
Build info: version: '3.141.59', revision: 'e82be7d358', time: '2018-11-14T08:17:03'
System info: host: 'Sowbhas-iMac.local', ip: '10.79.0.23', os.name: 'Mac OS X', os.arch: 'x86_64', os.version: '10.12.6', java.version: '1.8.0_201'
Driver info: org.openqa.selenium.firefox.FirefoxDriver
Capabilities {acceptInsecureCerts: true, browserName: firefox, browserVersion: 64.0, javascriptEnabled: true, moz:accessibilityChecks: false, moz:geckodriverVersion: 0.23.0, moz:headless: false, moz:processID: 58255, moz:profile: /var/folders/kw/37dwzp7n23q..., moz:shutdownTimeout: 60000, moz:useNonSpecCompliantPointerOrigin: false, moz:webdriverClick: true, pageLoadStrategy: normal, platform: MAC, platformName: MAC, platformVersion: 16.7.0, rotatable: false, setWindowRect: true, timeouts: {implicit: 0, pageLoad: 300000, script: 30000}, unhandledPromptBehavior: dismiss and notify}
Session ID: f5ff5700-7c42-4e41-bc78-4a3c0b3d0759
at sun.reflect.NativeConstructorAccessorImpl.newInstance0(Native Method)
at sun.reflect.NativeConstructorAccessorImpl.newInstance(NativeConstructorAccessorImpl.java:62)
at sun.reflect.DelegatingConstructorAccessorImpl.newInstance(DelegatingConstructorAccessorImpl.java:45)
at java.lang.reflect.Constructor.newInstance(Constructor.java:423)
at org.openqa.selenium.remote.http.W3CHttpResponseCodec.createException(W3CHttpResponseCodec.java:187)
at org.openqa.selenium.remote.http.W3CHttpResponseCodec.decode(W3CHttpResponseCodec.java:122)
at org.openqa.selenium.remote.http.W3CHttpResponseCodec.decode(W3CHttpResponseCodec.java:49)
at org.openqa.selenium.remote.HttpCommandExecutor.execute(HttpCommandExecutor.java:158)
at org.openqa.selenium.remote.service.DriverCommandExecutor.execute(DriverCommandExecutor.java:83)
at org.openqa.selenium.remote.RemoteWebDriver.execute(RemoteWebDriver.java:552)
at org.openqa.selenium.remote.RemoteWebElement.execute(RemoteWebElement.java:285)
at org.openqa.selenium.remote.RemoteWebElement.click(RemoteWebElement.java:84)
at com.sample.abc.Homepage.validateQuickDraft(Homepage.java:126)
at sun.reflect.NativeMethodAccessorImpl.invoke0(Native Method)
at sun.reflect.NativeMethodAccessorImpl.invoke(NativeMethodAccessorImpl.java:62)
at sun.reflect.DelegatingMethodAccessorImpl.invoke(DelegatingMethodAccessorImpl.java:43)
at java.lang.reflect.Method.invoke(Method.java:498)
at org.testng.internal.MethodInvocationHelper.invokeMethod(MethodInvocationHelper.java:124)
at org.testng.internal.Invoker.invokeMethod(Invoker.java:583)
at org.testng.internal.Invoker.invokeTestMethod(Invoker.java:719)
at org.testng.internal.Invoker.invokeTestMethods(Invoker.java:989)
at org.testng.internal.TestMethodWorker.invokeTestMethods(TestMethodWorker.java:125)
at org.testng.internal.TestMethodWorker.run(TestMethodWorker.java:109)
at java.util.concurrent.ThreadPoolExecutor.runWorker(ThreadPoolExecutor.java:1149)
at java.util.concurrent.ThreadPoolExecutor$Worker.run(ThreadPoolExecutor.java:624)
at java.lang.Thread.run(Thread.java:748)
]]>
            </full-stacktrace>
          </exception> <!-- org.openqa.selenium.ElementNotInteractableException -->
          <reporter-output>
          </reporter-output>
        </test-method> <!-- validateQuickDraft -->
        <test-method status="PASS" signature="closeBrowser()[pri:0, instance:com.sample.abc.Homepage@f4168b8]" name="closeBrowser" is-config="true" duration-ms="769" started-at="2019-06-03T06:25:16Z" finished-at="2019-06-03T06:25:17Z">
          <reporter-output>
          </reporter-output>
        </test-method> <!-- closeBrowser -->
        <test-method status="PASS" signature="getBrowser(java.lang.String, java.lang.String)[pri:0, instance:com.sample.abc.Homepage@f4168b8]" name="getBrowser" is-config="true" duration-ms="8768" started-at="2019-06-03T06:25:17Z" finished-at="2019-06-03T06:25:26Z">
          <params>
            <param index="0">
              <value>
                <![CDATA[Firefox]]>
              </value>
            </param>
            <param index="1">
              <value>
                <![CDATA[Head]]>
              </value>
            </param>
          </params>
          <reporter-output>
          </reporter-output>
        </test-method> <!-- getBrowser -->
        <test-method status="PASS" signature="validatelogin()[pri:0, instance:com.sample.abc.Homepage@f4168b8]" name="validatelogin" duration-ms="2982" started-at="2019-06-03T06:25:26Z" finished-at="2019-06-03T06:25:29Z">
          <reporter-output>
          </reporter-output>
        </test-method> <!-- validatelogin -->
        <test-method status="PASS" signature="closeBrowser()[pri:0, instance:com.sample.abc.Homepage@f4168b8]" name="closeBrowser" is-config="true" duration-ms="854" started-at="2019-06-03T06:25:29Z" finished-at="2019-06-03T06:25:30Z">
          <reporter-output>
          </reporter-output>
        </test-method> <!-- closeBrowser -->
      </class> <!-- com.sample.abc.Homepage -->
    </test> <!-- ParallelTest3 Browser Firefox -->
    <test name="ParallelTest4 Browser Firefox" duration-ms="66827" started-at="2019-06-03T06:25:59Z" finished-at="2019-06-03T06:27:06Z">
      <class name="com.sample.abc.Loginpage">
        <test-method status="PASS" signature="getBrowser(java.lang.String, java.lang.String)[pri:0, instance:com.sample.abc.Loginpage@166fa74d]" name="getBrowser" is-config="true" duration-ms="6294" started-at="2019-06-03T06:26:39Z" finished-at="2019-06-03T06:26:46Z">
          <params>
            <param index="0">
              <value>
                <![CDATA[Firefox]]>
              </value>
            </param>
            <param index="1">
              <value>
                <![CDATA[Head]]>
              </value>
            </param>
          </params>
          <reporter-output>
          </reporter-output>
        </test-method> <!-- getBrowser -->
        <test-method status="PASS" signature="validatelogin()[pri:1, instance:com.sample.abc.Loginpage@166fa74d]" name="validatelogin" duration-ms="3763" started-at="2019-06-03T06:26:46Z" finished-at="2019-06-03T06:26:50Z">
          <reporter-output>
          </reporter-output>
        </test-method> <!-- validatelogin -->
        <test-method status="PASS" signature="closeBrowser()[pri:0, instance:com.sample.abc.Loginpage@166fa74d]" name="closeBrowser" is-config="true" duration-ms="761" started-at="2019-06-03T06:26:50Z" finished-at="2019-06-03T06:26:50Z">
          <reporter-output>
          </reporter-output>
        </test-method> <!-- closeBrowser -->
        <test-method status="PASS" signature="getBrowser(java.lang.String, java.lang.String)[pri:0, instance:com.sample.abc.Loginpage@166fa74d]" name="getBrowser" is-config="true" duration-ms="6258" started-at="2019-06-03T06:26:50Z" finished-at="2019-06-03T06:26:57Z">
          <params>
            <param index="0">
              <value>
                <![CDATA[Firefox]]>
              </value>
            </param>
            <param index="1">
              <value>
                <![CDATA[Head]]>
              </value>
            </param>
          </params>
          <reporter-output>
          </reporter-output>
        </test-method> <!-- getBrowser -->
        <test-method status="PASS" signature="validateincorrectlogin()[pri:2, instance:com.sample.abc.Loginpage@166fa74d]" name="validateincorrectlogin" duration-ms="1201" started-at="2019-06-03T06:26:57Z" finished-at="2019-06-03T06:26:58Z">
          <reporter-output>
          </reporter-output>
        </test-method> <!-- validateincorrectlogin -->
        <test-method status="PASS" signature="closeBrowser()[pri:0, instance:com.sample.abc.Loginpage@166fa74d]" name="closeBrowser" is-config="true" duration-ms="723" started-at="2019-06-03T06:26:58Z" finished-at="2019-06-03T06:26:58Z">
          <reporter-output>
          </reporter-output>
        </test-method> <!-- closeBrowser -->
        <test-method status="PASS" signature="getBrowser(java.lang.String, java.lang.String)[pri:0, instance:com.sample.abc.Loginpage@166fa74d]" name="getBrowser" is-config="true" duration-ms="6683" started-at="2019-06-03T06:26:58Z" finished-at="2019-06-03T06:27:05Z">
          <params>
            <param index="0">
              <value>
                <![CDATA[Firefox]]>
              </value>
            </param>
            <param index="1">
              <value>
                <![CDATA[Head]]>
              </value>
            </param>
          </params>
          <reporter-output>
          </reporter-output>
        </test-method> <!-- getBrowser -->
        <test-method status="PASS" signature="validateLogo()[pri:3, instance:com.sample.abc.Loginpage@166fa74d]" name="validateLogo" duration-ms="70" started-at="2019-06-03T06:27:05Z" finished-at="2019-06-03T06:27:05Z">
          <reporter-output>
          </reporter-output>
        </test-method> <!-- validateLogo -->
        <test-method status="PASS" signature="closeBrowser()[pri:0, instance:com.sample.abc.Loginpage@166fa74d]" name="closeBrowser" is-config="true" duration-ms="710" started-at="2019-06-03T06:27:05Z" finished-at="2019-06-03T06:27:06Z">
          <reporter-output>
          </reporter-output>
        </test-method> <!-- closeBrowser -->
      </class> <!-- com.sample.abc.Loginpage -->
      <class name="com.sample.abc.Homepage">
        <test-method status="PASS" signature="getBrowser(java.lang.String, java.lang.String)[pri:0, instance:com.sample.abc.Homepage@101df177]" name="getBrowser" is-config="true" duration-ms="6495" started-at="2019-06-03T06:25:59Z" finished-at="2019-06-03T06:26:06Z">
          <params>
            <param index="0">
              <value>
                <![CDATA[Firefox]]>
              </value>
            </param>
            <param index="1">
              <value>
                <![CDATA[Head]]>
              </value>
            </param>
          </params>
          <reporter-output>
          </reporter-output>
        </test-method> <!-- getBrowser -->
        <test-method status="PASS" signature="validateNewBlog()[pri:0, instance:com.sample.abc.Homepage@101df177]" name="validateNewBlog" duration-ms="8731" started-at="2019-06-03T06:26:06Z" finished-at="2019-06-03T06:26:14Z">
          <reporter-output>
          </reporter-output>
        </test-method> <!-- validateNewBlog -->
        <test-method status="PASS" signature="closeBrowser()[pri:0, instance:com.sample.abc.Homepage@101df177]" name="closeBrowser" is-config="true" duration-ms="1638" started-at="2019-06-03T06:26:14Z" finished-at="2019-06-03T06:26:16Z">
          <reporter-output>
          </reporter-output>
        </test-method> <!-- closeBrowser -->
        <test-method status="PASS" signature="getBrowser(java.lang.String, java.lang.String)[pri:0, instance:com.sample.abc.Homepage@101df177]" name="getBrowser" is-config="true" duration-ms="8457" started-at="2019-06-03T06:26:16Z" finished-at="2019-06-03T06:26:24Z">
          <params>
            <param index="0">
              <value>
                <![CDATA[Firefox]]>
              </value>
            </param>
            <param index="1">
              <value>
                <![CDATA[Head]]>
              </value>
            </param>
          </params>
          <reporter-output>
          </reporter-output>
        </test-method> <!-- getBrowser -->
        <test-method status="FAIL" signature="validateQuickDraft()[pri:0, instance:com.sample.abc.Homepage@101df177]" name="validateQuickDraft" duration-ms="3527" started-at="2019-06-03T06:26:24Z" finished-at="2019-06-03T06:26:28Z">
          <exception class="org.openqa.selenium.ElementNotInteractableException">
            <message>
              <![CDATA[Element <input id="title" name="post_title" type="text"> could not be scrolled into view
Build info: version: '3.141.59', revision: 'e82be7d358', time: '2018-11-14T08:17:03'
System info: host: 'Sowbhas-iMac.local', ip: '10.79.0.23', os.name: 'Mac OS X', os.arch: 'x86_64', os.version: '10.12.6', java.version: '1.8.0_201'
Driver info: org.openqa.selenium.firefox.FirefoxDriver
Capabilities {acceptInsecureCerts: true, browserName: firefox, browserVersion: 64.0, javascriptEnabled: true, moz:accessibilityChecks: false, moz:geckodriverVersion: 0.23.0, moz:headless: false, moz:processID: 58299, moz:profile: /var/folders/kw/37dwzp7n23q..., moz:shutdownTimeout: 60000, moz:useNonSpecCompliantPointerOrigin: false, moz:webdriverClick: true, pageLoadStrategy: normal, platform: MAC, platformName: MAC, platformVersion: 16.7.0, rotatable: false, setWindowRect: true, timeouts: {implicit: 0, pageLoad: 300000, script: 30000}, unhandledPromptBehavior: dismiss and notify}
Session ID: 693a3851-6fb0-2c4f-a7ff-b4d01948eadf]]>
            </message>
            <full-stacktrace>
              <![CDATA[org.openqa.selenium.ElementNotInteractableException: Element <input id="title" name="post_title" type="text"> could not be scrolled into view
Build info: version: '3.141.59', revision: 'e82be7d358', time: '2018-11-14T08:17:03'
System info: host: 'Sowbhas-iMac.local', ip: '10.79.0.23', os.name: 'Mac OS X', os.arch: 'x86_64', os.version: '10.12.6', java.version: '1.8.0_201'
Driver info: org.openqa.selenium.firefox.FirefoxDriver
Capabilities {acceptInsecureCerts: true, browserName: firefox, browserVersion: 64.0, javascriptEnabled: true, moz:accessibilityChecks: false, moz:geckodriverVersion: 0.23.0, moz:headless: false, moz:processID: 58299, moz:profile: /var/folders/kw/37dwzp7n23q..., moz:shutdownTimeout: 60000, moz:useNonSpecCompliantPointerOrigin: false, moz:webdriverClick: true, pageLoadStrategy: normal, platform: MAC, platformName: MAC, platformVersion: 16.7.0, rotatable: false, setWindowRect: true, timeouts: {implicit: 0, pageLoad: 300000, script: 30000}, unhandledPromptBehavior: dismiss and notify}
Session ID: 693a3851-6fb0-2c4f-a7ff-b4d01948eadf
at sun.reflect.NativeConstructorAccessorImpl.newInstance0(Native Method)
at sun.reflect.NativeConstructorAccessorImpl.newInstance(NativeConstructorAccessorImpl.java:62)
at sun.reflect.DelegatingConstructorAccessorImpl.newInstance(DelegatingConstructorAccessorImpl.java:45)
at java.lang.reflect.Constructor.newInstance(Constructor.java:423)
at org.openqa.selenium.remote.http.W3CHttpResponseCodec.createException(W3CHttpResponseCodec.java:187)
at org.openqa.selenium.remote.http.W3CHttpResponseCodec.decode(W3CHttpResponseCodec.java:122)
at org.openqa.selenium.remote.http.W3CHttpResponseCodec.decode(W3CHttpResponseCodec.java:49)
at org.openqa.selenium.remote.HttpCommandExecutor.execute(HttpCommandExecutor.java:158)
at org.openqa.selenium.remote.service.DriverCommandExecutor.execute(DriverCommandExecutor.java:83)
at org.openqa.selenium.remote.RemoteWebDriver.execute(RemoteWebDriver.java:552)
at org.openqa.selenium.remote.RemoteWebElement.execute(RemoteWebElement.java:285)
at org.openqa.selenium.remote.RemoteWebElement.click(RemoteWebElement.java:84)
at com.sample.abc.Homepage.validateQuickDraft(Homepage.java:126)
at sun.reflect.NativeMethodAccessorImpl.invoke0(Native Method)
at sun.reflect.NativeMethodAccessorImpl.invoke(NativeMethodAccessorImpl.java:62)
at sun.reflect.DelegatingMethodAccessorImpl.invoke(DelegatingMethodAccessorImpl.java:43)
at java.lang.reflect.Method.invoke(Method.java:498)
at org.testng.internal.MethodInvocationHelper.invokeMethod(MethodInvocationHelper.java:124)
at org.testng.internal.Invoker.invokeMethod(Invoker.java:583)
at org.testng.internal.Invoker.invokeTestMethod(Invoker.java:719)
at org.testng.internal.Invoker.invokeTestMethods(Invoker.java:989)
at org.testng.internal.TestMethodWorker.invokeTestMethods(TestMethodWorker.java:125)
at org.testng.internal.TestMethodWorker.run(TestMethodWorker.java:109)
at java.util.concurrent.ThreadPoolExecutor.runWorker(ThreadPoolExecutor.java:1149)
at java.util.concurrent.ThreadPoolExecutor$Worker.run(ThreadPoolExecutor.java:624)
at java.lang.Thread.run(Thread.java:748)
]]>
            </full-stacktrace>
          </exception> <!-- org.openqa.selenium.ElementNotInteractableException -->
          <reporter-output>
          </reporter-output>
        </test-method> <!-- validateQuickDraft -->
        <test-method status="PASS" signature="closeBrowser()[pri:0, instance:com.sample.abc.Homepage@101df177]" name="closeBrowser" is-config="true" duration-ms="773" started-at="2019-06-03T06:26:28Z" finished-at="2019-06-03T06:26:29Z">
          <reporter-output>
          </reporter-output>
        </test-method> <!-- closeBrowser -->
        <test-method status="PASS" signature="getBrowser(java.lang.String, java.lang.String)[pri:0, instance:com.sample.abc.Homepage@101df177]" name="getBrowser" is-config="true" duration-ms="6411" started-at="2019-06-03T06:26:29Z" finished-at="2019-06-03T06:26:35Z">
          <params>
            <param index="0">
              <value>
                <![CDATA[Firefox]]>
              </value>
            </param>
            <param index="1">
              <value>
                <![CDATA[Head]]>
              </value>
            </param>
          </params>
          <reporter-output>
          </reporter-output>
        </test-method> <!-- getBrowser -->
        <test-method status="PASS" signature="validatelogin()[pri:0, instance:com.sample.abc.Homepage@101df177]" name="validatelogin" duration-ms="3554" started-at="2019-06-03T06:26:35Z" finished-at="2019-06-03T06:26:39Z">
          <reporter-output>
          </reporter-output>
        </test-method> <!-- validatelogin -->
        <test-method status="PASS" signature="closeBrowser()[pri:0, instance:com.sample.abc.Homepage@101df177]" name="closeBrowser" is-config="true" duration-ms="762" started-at="2019-06-03T06:26:39Z" finished-at="2019-06-03T06:26:39Z">
          <reporter-output>
          </reporter-output>
        </test-method> <!-- closeBrowser -->
      </class> <!-- com.sample.abc.Homepage -->
    </test> <!-- ParallelTest4 Browser Firefox -->
  </suite> <!-- parallel -->
</testng-results>
